# JRE version: OpenJDK Runtime Environment (8.0_152-b01) (build 1.8.0_152-release-915-b01)
# Java VM: OpenJDK 64-Bit Server VM (25.152-b01 mixed mode windows-amd64 compressed oops)
Heap:
 PSYoungGen      total 318464K, used 159150K [0x00000000eab00000, 0x0000000100000000, 0x0000000100000000)
  eden space 293888K, 45% used [0x00000000eab00000,0x00000000f2ef7888,0x00000000fca00000)
  from space 24576K, 97% used [0x00000000fe800000,0x00000000fff74078,0x0000000100000000)
  to   space 27648K, 0% used [0x00000000fca00000,0x00000000fca00000,0x00000000fe500000)
 ParOldGen       total 511488K, used 37293K [0x00000000c0000000, 0x00000000df380000, 0x00000000eab00000)
  object space 511488K, 7% used [0x00000000c0000000,0x00000000c246b490,0x00000000df380000)
 Metaspace       used 64542K, capacity 66738K, committed 66944K, reserved 1107968K
  class space    used 8623K, capacity 9240K, committed 9344K, reserved 1048576K
GC Heap History (10 events):
Event: 36.476 GC heap before
{Heap before GC invocations=9 (full 2):
 PSYoungGen      total 226304K, used 224249K [0x00000000eab00000, 0x00000000fa080000, 0x0000000100000000)
  eden space 218624K, 100% used [0x00000000eab00000,0x00000000f8080000,0x00000000f8080000)
  from space 7680K, 73% used [0x00000000f9900000,0x00000000f9e7e518,0x00000000fa080000)
  to   space 16384K, 0% used [0x00000000f8080000,0x00000000f8080000,0x00000000f9080000)
 ParOldGen       total 373760K, used 19366K [0x00000000c0000000, 0x00000000d6d00000, 0x00000000eab00000)
  object space 373760K, 5% used [0x00000000c0000000,0x00000000c12e99c0,0x00000000d6d00000)
 Metaspace       used 40751K, capacity 41594K, committed 41856K, reserved 1085440K
  class space    used 5313K, capacity 5640K, committed 5760K, reserved 1048576K
Event: 36.483 GC heap after
Heap after GC invocations=9 (full 2):
 PSYoungGen      total 235008K, used 9656K [0x00000000eab00000, 0x00000000fc880000, 0x0000000100000000)
  eden space 218624K, 0% used [0x00000000eab00000,0x00000000eab00000,0x00000000f8080000)
  from space 16384K, 58% used [0x00000000f8080000,0x00000000f89ee0e0,0x00000000f9080000)
  to   space 15872K, 0% used [0x00000000fb900000,0x00000000fb900000,0x00000000fc880000)
 ParOldGen       total 373760K, used 19374K [0x00000000c0000000, 0x00000000d6d00000, 0x00000000eab00000)
  object space 373760K, 5% used [0x00000000c0000000,0x00000000c12eb9c0,0x00000000d6d00000)
 Metaspace       used 40751K, capacity 41594K, committed 41856K, reserved 1085440K
  class space    used 5313K, capacity 5640K, committed 5760K, reserved 1048576K
}
Event: 38.024 GC heap before
{Heap before GC invocations=10 (full 2):
 PSYoungGen      total 235008K, used 228280K [0x00000000eab00000, 0x00000000fc880000, 0x0000000100000000)
  eden space 218624K, 100% used [0x00000000eab00000,0x00000000f8080000,0x00000000f8080000)
  from space 16384K, 58% used [0x00000000f8080000,0x00000000f89ee0e0,0x00000000f9080000)
  to   space 15872K, 0% used [0x00000000fb900000,0x00000000fb900000,0x00000000fc880000)
 ParOldGen       total 373760K, used 19374K [0x00000000c0000000, 0x00000000d6d00000, 0x00000000eab00000)
  object space 373760K, 5% used [0x00000000c0000000,0x00000000c12eb9c0,0x00000000d6d00000)
 Metaspace       used 50738K, capacity 51920K, committed 52096K, reserved 1093632K
  class space    used 6601K, capacity 6984K, committed 7040K, reserved 1048576K
Event: 38.043 GC heap after
Heap after GC invocations=10 (full 2):
 PSYoungGen      total 271360K, used 15848K [0x00000000eab00000, 0x00000000fe400000, 0x0000000100000000)
  eden space 255488K, 0% used [0x00000000eab00000,0x00000000eab00000,0x00000000fa480000)
  from space 15872K, 99% used [0x00000000fb900000,0x00000000fc87a3d0,0x00000000fc880000)
  to   space 20992K, 0% used [0x00000000fa480000,0x00000000fa480000,0x00000000fb900000)
 ParOldGen       total 373760K, used 26928K [0x00000000c0000000, 0x00000000d6d00000, 0x00000000eab00000)
  object space 373760K, 7% used [0x00000000c0000000,0x00000000c1a4c290,0x00000000d6d00000)
 Metaspace       used 50738K, capacity 51920K, committed 52096K, reserved 1093632K
  class space    used 6601K, capacity 6984K, committed 7040K, reserved 1048576K
}
Event: 38.706 GC heap before
{Heap before GC invocations=11 (full 2):
 PSYoungGen      total 271360K, used 93998K [0x00000000eab00000, 0x00000000fe400000, 0x0000000100000000)
  eden space 255488K, 30% used [0x00000000eab00000,0x00000000ef751438,0x00000000fa480000)
  from space 15872K, 99% used [0x00000000fb900000,0x00000000fc87a3d0,0x00000000fc880000)
  to   space 20992K, 0% used [0x00000000fa480000,0x00000000fa480000,0x00000000fb900000)
 ParOldGen       total 373760K, used 26928K [0x00000000c0000000, 0x00000000d6d00000, 0x00000000eab00000)
  object space 373760K, 7% used [0x00000000c0000000,0x00000000c1a4c290,0x00000000d6d00000)
 Metaspace       used 57432K, capacity 58866K, committed 59028K, reserved 1099776K
  class space    used 7501K, capacity 7909K, committed 7936K, reserved 1048576K
Event: 38.722 GC heap after
Heap after GC invocations=11 (full 2):
 PSYoungGen      total 276480K, used 20977K [0x00000000eab00000, 0x0000000100000000, 0x0000000100000000)
  eden space 255488K, 0% used [0x00000000eab00000,0x00000000eab00000,0x00000000fa480000)
  from space 20992K, 99% used [0x00000000fa480000,0x00000000fb8fc618,0x00000000fb900000)
  to   space 24576K, 0% used [0x00000000fe800000,0x00000000fe800000,0x0000000100000000)
 ParOldGen       total 373760K, used 28958K [0x00000000c0000000, 0x00000000d6d00000, 0x00000000eab00000)
  object space 373760K, 7% used [0x00000000c0000000,0x00000000c1c47a10,0x00000000d6d00000)
 Metaspace       used 57432K, capacity 58866K, committed 59028K, reserved 1099776K
  class space    used 7501K, capacity 7909K, committed 7936K, reserved 1048576K
}
Event: 38.722 GC heap before
{Heap before GC invocations=12 (full 3):
 PSYoungGen      total 276480K, used 20977K [0x00000000eab00000, 0x0000000100000000, 0x0000000100000000)
  eden space 255488K, 0% used [0x00000000eab00000,0x00000000eab00000,0x00000000fa480000)
  from space 20992K, 99% used [0x00000000fa480000,0x00000000fb8fc618,0x00000000fb900000)
  to   space 24576K, 0% used [0x00000000fe800000,0x00000000fe800000,0x0000000100000000)
 ParOldGen       total 373760K, used 28958K [0x00000000c0000000, 0x00000000d6d00000, 0x00000000eab00000)
  object space 373760K, 7% used [0x00000000c0000000,0x00000000c1c47a10,0x00000000d6d00000)
 Metaspace       used 57432K, capacity 58866K, committed 59028K, reserved 1099776K
  class space    used 7501K, capacity 7909K, committed 7936K, reserved 1048576K
Event: 38.892 GC heap after
Heap after GC invocations=12 (full 3):
 PSYoungGen      total 276480K, used 0K [0x00000000eab00000, 0x0000000100000000, 0x0000000100000000)
  eden space 255488K, 0% used [0x00000000eab00000,0x00000000eab00000,0x00000000fa480000)
  from space 20992K, 0% used [0x00000000fa480000,0x00000000fa480000,0x00000000fb900000)
  to   space 24576K, 0% used [0x00000000fe800000,0x00000000fe800000,0x0000000100000000)
 ParOldGen       total 511488K, used 37285K [0x00000000c0000000, 0x00000000df380000, 0x00000000eab00000)
  object space 511488K, 7% used [0x00000000c0000000,0x00000000c2469490,0x00000000df380000)
 Metaspace       used 57387K, capacity 58746K, committed 59028K, reserved 1099776K
  class space    used 7487K, capacity 7892K, committed 7936K, reserved 1048576K
}
Event: 55.149 GC heap before
{Heap before GC invocations=13 (full 3):
 PSYoungGen      total 276480K, used 255488K [0x00000000eab00000, 0x0000000100000000, 0x0000000100000000)
  eden space 255488K, 100% used [0x00000000eab00000,0x00000000fa480000,0x00000000fa480000)
  from space 20992K, 0% used [0x00000000fa480000,0x00000000fa480000,0x00000000fb900000)
  to   space 24576K, 0% used [0x00000000fe800000,0x00000000fe800000,0x0000000100000000)
 ParOldGen       total 511488K, used 37285K [0x00000000c0000000, 0x00000000df380000, 0x00000000eab00000)
  object space 511488K, 7% used [0x00000000c0000000,0x00000000c2469490,0x00000000df380000)
 Metaspace       used 63227K, capacity 65348K, committed 65664K, reserved 1105920K
  class space    used 8482K, capacity 9025K, committed 9088K, reserved 1048576K
Event: 55.162 GC heap after
Heap after GC invocations=13 (full 3):
 PSYoungGen      total 318464K, used 24016K [0x00000000eab00000, 0x0000000100000000, 0x0000000100000000)
  eden space 293888K, 0% used [0x00000000eab00000,0x00000000eab00000,0x00000000fca00000)
  from space 24576K, 97% used [0x00000000fe800000,0x00000000fff74078,0x0000000100000000)
  to   space 27648K, 0% used [0x00000000fca00000,0x00000000fca00000,0x00000000fe500000)
 ParOldGen       total 511488K, used 37293K [0x00000000c0000000, 0x00000000df380000, 0x00000000eab00000)
  object space 511488K, 7% used [0x00000000c0000000,0x00000000c246b490,0x00000000df380000)
 Metaspace       used 63227K, capacity 65348K, committed 65664K, reserved 1105920K
  class space    used 8482K, capacity 9025K, committed 9088K, reserved 1048576K
}

